<?xml version="1.0" encoding="UTF-8"?>
<testsuite xmlns:xsi="http://www.w3.org/2001/XMLSchema-instance" xsi:noNamespaceSchemaLocation="https://maven.apache.org/surefire/maven-surefire-plugin/xsd/surefire-test-report-3.0.xsd" version="3.0" name="com.example.redis.RedisApplicationTests" time="2.178" tests="1" errors="0" skipped="0" failures="0">
  <properties>
[...]
</properties>
  <testcase name="contextLoads" classname="com.example.redis.RedisApplicationTests" time="0.473">
    <system-out><![CDATA[14:20:25.073 [main] INFO org.springframework.test.context.support.AnnotationConfigContextLoaderUtils -- Could not detect default configuration classes for test class [com.example.redis.RedisApplicationTests]: RedisApplicationTests does not declare any static, non-private, non-final, nested classes annotated with @Configuration.
14:20:25.124 [main] INFO org.springframework.boot.test.context.SpringBootTestContextBootstrapper -- Found @SpringBootConfiguration com.example.redis.RedisApplication for test class com.example.redis.RedisApplicationTests

  .   ____          _            __ _ _
 /\\ / ___'_ __ _ _(_)_ __  __ _ \ \ \ \
( ( )\___ | '_ | '_| | '_ \/ _` | \ \ \ \
 \\/  ___)| |_)| | | | | || (_| |  ) ) ) )
  '  |____| .__|_| |_|_| |_\__, | / / / /
 =========|_|==============|___/=/_/_/_/
 :: Spring Boot ::                (v3.2.4)

2024-03-25T14:20:25.367+04:30  WARN 104146 --- [redis] [           main] ory$DuplicateJsonObjectContextCustomizer : 

Found multiple occurrences of org.json.JSONObject on the class path:

	jar:file:/home/karakral/.m2/repository/com/vaadin/external/google/android-json/0.0.20131108.vaadin1/android-json-0.0.20131108.vaadin1.jar!/org/json/JSONObject.class
	jar:file:/home/karakral/.m2/repository/org/json/json/20231013/json-20231013.jar!/org/json/JSONObject.class

You may wish to exclude one of them to ensure predictable runtime behavior

2024-03-25T14:20:25.378+04:30  INFO 104146 --- [redis] [           main] c.example.redis.RedisApplicationTests    : Starting RedisApplicationTests using Java 17.0.2 with PID 104146 (started by karakral in /home/karakral/projects/redis)
2024-03-25T14:20:25.379+04:30  INFO 104146 --- [redis] [           main] c.example.redis.RedisApplicationTests    : No active profile set, falling back to 1 default profile: "default"
2024-03-25T14:20:25.836+04:30  INFO 104146 --- [redis] [           main] .s.d.r.c.RepositoryConfigurationDelegate : Multiple Spring Data modules found, entering strict repository configuration mode
2024-03-25T14:20:25.837+04:30  INFO 104146 --- [redis] [           main] .s.d.r.c.RepositoryConfigurationDelegate : Bootstrapping Spring Data Redis repositories in DEFAULT mode.
2024-03-25T14:20:25.910+04:30  INFO 104146 --- [redis] [           main] .s.d.r.c.RepositoryConfigurationDelegate : Finished Spring Data repository scanning in 62 ms. Found 1 Redis repository interface.
2024-03-25T14:20:26.683+04:30  INFO 104146 --- [redis] [           main] c.example.redis.RedisApplicationTests    : Started RedisApplicationTests in 1.475 seconds (process running for 2.05)
]]></system-out>
  </testcase>
</testsuite>